<?xml version="1.0" encoding="UTF-8"?>
<!-- Generated by org.testng.reporters.JUnitXMLReporter -->
<testsuite ignored="0" hostname="MAC-OBS-36.local" failures="0" tests="3" name="Default test" time="0.571" errors="0" timestamp="2024-02-04T17:23:25 IST">
  <testcase classname="com.nopcommerce.qa.testcases.LoginTest" name="@BeforeClass setUpRegisterPage" time="0.52">
    <failure type="java.lang.RuntimeException" message="Failed to initialize browser and open URL: Could not start a new session. Possible causes are invalid address of the remote server or browser start-up failure. 
Host info: host: &amp;apos;MAC-OBS-36.local&amp;apos;, ip: &amp;apos;2405:201:e038:4d:bdb3:16b3:3ff5:f3ab%en0&amp;apos;
Build info: version: &amp;apos;4.16.1&amp;apos;, revision: &amp;apos;9b4c83354e&amp;apos;
System info: os.name: &amp;apos;Mac OS X&amp;apos;, os.arch: &amp;apos;x86_64&amp;apos;, os.version: &amp;apos;13.4.1&amp;apos;, java.version: &amp;apos;11.0.19&amp;apos;
Driver info: org.openqa.selenium.remote.RemoteWebDriver
Command: [null, newSession {capabilities=[Capabilities {browser: Chrome, browser_version: 103.0, browserstack.key: HuUFEPMqLW1Byeyim7Hs, browserstack.user: naveenr_cWK86j, bstack:options: {bstack:options: {browser: null, browserVersion: null, os: null, osVersion: null}}, os: Windows, os_version: 11}]}]
Capabilities {browser: Chrome, browser_version: 103.0, browserstack.key: HuUFEPMqLW1Byeyim7Hs, browserstack.user: naveenr_cWK86j, bstack:options: {bstack:options: {browser: null, browserVersion: null, os: null, osVersion: null}}, os: Windows, os_version: 11}">
      <![CDATA[java.lang.RuntimeException: Failed to initialize browser and open URL: Could not start a new session. Possible causes are invalid address of the remote server or browser start-up failure. 
Host info: host: 'MAC-OBS-36.local', ip: '2405:201:e038:4d:bdb3:16b3:3ff5:f3ab%en0'
Build info: version: '4.16.1', revision: '9b4c83354e'
System info: os.name: 'Mac OS X', os.arch: 'x86_64', os.version: '13.4.1', java.version: '11.0.19'
Driver info: org.openqa.selenium.remote.RemoteWebDriver
Command: [null, newSession {capabilities=[Capabilities {browser: Chrome, browser_version: 103.0, browserstack.key: HuUFEPMqLW1Byeyim7Hs, browserstack.user: naveenr_cWK86j, bstack:options: {bstack:options: {browser: null, browserVersion: null, os: null, osVersion: null}}, os: Windows, os_version: 11}]}]
Capabilities {browser: Chrome, browser_version: 103.0, browserstack.key: HuUFEPMqLW1Byeyim7Hs, browserstack.user: naveenr_cWK86j, bstack:options: {bstack:options: {browser: null, browserVersion: null, os: null, osVersion: null}}, os: Windows, os_version: 11}
at com.nopcommerce.qa.base.BrowserBase.initializeDriver(BrowserBase.java:84)
at com.nopcommerce.qa.base.BrowserBase.getDriver(BrowserBase.java:40)
at com.nopcommerce.qa.testcases.LoginTest.setUpRegisterPage(LoginTest.java:15)
at java.base/jdk.internal.reflect.NativeMethodAccessorImpl.invoke0(Native Method)
at java.base/jdk.internal.reflect.NativeMethodAccessorImpl.invoke(NativeMethodAccessorImpl.java:62)
at java.base/jdk.internal.reflect.DelegatingMethodAccessorImpl.invoke(DelegatingMethodAccessorImpl.java:43)
at java.base/java.lang.reflect.Method.invoke(Method.java:566)
at org.testng.internal.invokers.MethodInvocationHelper.invokeMethod(MethodInvocationHelper.java:139)
at org.testng.internal.invokers.MethodInvocationHelper.invokeMethodConsideringTimeout(MethodInvocationHelper.java:69)
at org.testng.internal.invokers.ConfigInvoker.invokeConfigurationMethod(ConfigInvoker.java:393)
at org.testng.internal.invokers.ConfigInvoker.invokeConfigurations(ConfigInvoker.java:326)
at org.testng.internal.invokers.TestMethodWorker.invokeBeforeClassMethods(TestMethodWorker.java:180)
at org.testng.internal.invokers.TestMethodWorker.run(TestMethodWorker.java:122)
at java.base/java.util.ArrayList.forEach(ArrayList.java:1541)
at org.testng.TestRunner.privateRun(TestRunner.java:819)
at org.testng.TestRunner.run(TestRunner.java:619)
at org.testng.SuiteRunner.runTest(SuiteRunner.java:443)
at org.testng.SuiteRunner.runSequentially(SuiteRunner.java:437)
at org.testng.SuiteRunner.privateRun(SuiteRunner.java:397)
at org.testng.SuiteRunner.run(SuiteRunner.java:336)
at org.testng.SuiteRunnerWorker.runSuite(SuiteRunnerWorker.java:52)
at org.testng.SuiteRunnerWorker.run(SuiteRunnerWorker.java:95)
at org.testng.TestNG.runSuitesSequentially(TestNG.java:1301)
at org.testng.TestNG.runSuitesLocally(TestNG.java:1228)
at org.testng.TestNG.runSuites(TestNG.java:1134)
at org.testng.TestNG.run(TestNG.java:1101)
at org.testng.remote.AbstractRemoteTestNG.run(AbstractRemoteTestNG.java:115)
at org.testng.remote.RemoteTestNG.initAndRun(RemoteTestNG.java:251)
at org.testng.remote.RemoteTestNG.main(RemoteTestNG.java:77)
]]>
    </failure>
  </testcase> <!-- @BeforeClass setUpRegisterPage -->
  <testcase classname="com.nopcommerce.qa.testcases.LoginTest" name="verifyLoginWithoutCredentials" time="0.0">
    <skipped/>
  </testcase> <!-- verifyLoginWithoutCredentials -->
  <testcase classname="com.nopcommerce.qa.testcases.LoginTest" name="verifyLoginWithoutPassword" time="0.0">
    <skipped/>
  </testcase> <!-- verifyLoginWithoutPassword -->
  <testcase classname="com.nopcommerce.qa.testcases.LoginTest" name="verifyLogin" time="0.0">
    <skipped/>
  </testcase> <!-- verifyLogin -->
</testsuite> <!-- Default test -->
