<?xml version="1.0" encoding="UTF-8"?>
<!-- Generated by org.testng.reporters.JUnitXMLReporter -->
<testsuite ignored="1" hostname="MAC-OBS-36.local" failures="1" tests="5" name="NopCommerce Tests" time="21.994" errors="0" timestamp="2024-02-13T16:03:32 IST">
  <testcase classname="com.nopcommerce.web.testcases.LoginTest" name="verifyLoginWithoutCredentials" time="2.071"/>
  <testcase classname="com.nopcommerce.web.testcases.LoginTest" name="verifyLoginWithoutPassword" time="1.27">
    <failure type="java.lang.AssertionError" message="null">
      <![CDATA[java.lang.AssertionError: null
at com.nopcommerce.web.testcases.LoginTest.verifyLoginWithoutPassword(LoginTest.java:33)
at java.base/java.util.ArrayList.forEach(ArrayList.java:1541)
... Removed 29 stack frames]]>
    </failure>
  </testcase> <!-- verifyLoginWithoutPassword -->
  <testcase classname="com.nopcommerce.web.testcases.LoginTest" name="verifyLogin" time="1.649"/>
  <testcase classname="com.nopcommerce.web.testcases.RegisterTest" name="registerWithoutUserData" time="1.185"/>
  <testcase classname="com.nopcommerce.web.testcases.RegisterTest" name="registerNewUser" time="5.253"/>
  <testcase classname="com.nopcommerce.web.driverbase.BrowserBase" name="@AfterSuite tearDown" time="0.0">
    <ignored/>
  </testcase> <!-- @AfterSuite tearDown -->
</testsuite> <!-- NopCommerce Tests -->
